<?xml version="1.0" encoding="UTF-8"?>
<!-- Generated by org.testng.reporters.JUnitXMLReporter -->
<testsuite hostname="WIN-486QJSS660G" name="Command line test 46ed76a9-9478-4d87-a4f7-36a7622bf34e" tests="3" failures="0" timestamp="20 Oct 2018 13:02:55 GMT" time="30.75" errors="0">
  <testcase name="f" time="5.372" classname="ecshop.tc.TestAdvancedSearch2"/>
  <testcase name="f" time="8.916" classname="ecshop.tc.TestAdvancedSearch2"/>
  <testcase name="f" time="5.305" classname="ecshop.tc.TestAdvancedSearch2"/>
</testsuite> <!-- Command line test 46ed76a9-9478-4d87-a4f7-36a7622bf34e -->
