<?xml version="1.0" encoding="UTF-8"?>
<!-- Generated by org.testng.reporters.JUnitXMLReporter -->
<testsuite hostname="WIN-486QJSS660G" name="Command line test 5057cd01-2454-440f-9c59-0394f0eb8315" tests="3" failures="0" timestamp="20 Oct 2018 13:02:24 GMT" time="0.093" errors="0">
  <testcase name="@BeforeMethod beforeMethod" time="0.0" classname="ecshop.tc.TestAdvancedSearch">
    <failure type="org.testng.TestNGException" message="
Parameter &amp;apos;browser&amp;apos; is required by @Configuration on method beforeMethod but has not been marked @Optional or defined
">
      <![CDATA[org.testng.TestNGException: 
Parameter 'browser' is required by @Configuration on method beforeMethod but has not been marked @Optional or defined

... Removed 27 stack frames]]>
    </failure>
  </testcase> <!-- @BeforeMethod beforeMethod -->
  <testcase name="@AfterMethod afterMethod" time="0.0" classname="ecshop.tc.TestAdvancedSearch">
    <skipped/>
  </testcase> <!-- @AfterMethod afterMethod -->
  <testcase name="@BeforeMethod beforeMethod" time="0.0" classname="ecshop.tc.TestAdvancedSearch">
    <skipped/>
  </testcase> <!-- @BeforeMethod beforeMethod -->
  <testcase name="@AfterMethod afterMethod" time="0.0" classname="ecshop.tc.TestAdvancedSearch">
    <skipped/>
  </testcase> <!-- @AfterMethod afterMethod -->
  <testcase name="@BeforeMethod beforeMethod" time="0.0" classname="ecshop.tc.TestAdvancedSearch">
    <skipped/>
  </testcase> <!-- @BeforeMethod beforeMethod -->
  <testcase name="@AfterMethod afterMethod" time="0.0" classname="ecshop.tc.TestAdvancedSearch">
    <skipped/>
  </testcase> <!-- @AfterMethod afterMethod -->
  <testcase name="f" time="0.042" classname="ecshop.tc.TestAdvancedSearch">
    <skipped/>
  </testcase> <!-- f -->
  <testcase name="f" time="0.0" classname="ecshop.tc.TestAdvancedSearch">
    <skipped/>
  </testcase> <!-- f -->
  <testcase name="f" time="0.0" classname="ecshop.tc.TestAdvancedSearch">
    <skipped/>
  </testcase> <!-- f -->
</testsuite> <!-- Command line test 5057cd01-2454-440f-9c59-0394f0eb8315 -->
