<?xml version="1.0" encoding="UTF-8"?>
<testng-results skipped="3" failed="0" total="12" passed="9">
  <reporter-output>
  </reporter-output>
  <suite name="org.tedu.MavenPro1.NewTestCase" duration-ms="1" started-at="2018-10-20T13:03:07Z" finished-at="2018-10-20T13:03:07Z">
    <groups>
    </groups>
    <test name="Command line test 373f38b9-bfb1-4d2c-a11b-92ac25dce7c5" duration-ms="1" started-at="2018-10-20T13:03:07Z" finished-at="2018-10-20T13:03:07Z">
      <class name="org.tedu.MavenPro1.NewTestCase">
        <test-method status="PASS" signature="beforeMethod()[pri:0, instance:org.tedu.MavenPro1.NewTestCase@54a097cc]" name="beforeMethod" is-config="true" duration-ms="0" started-at="2018-10-20T21:03:07Z" finished-at="2018-10-20T21:03:07Z">
          <reporter-output>
          </reporter-output>
        </test-method> <!-- beforeMethod -->
        <test-method status="PASS" signature="f()[pri:0, instance:org.tedu.MavenPro1.NewTestCase@54a097cc]" name="f" duration-ms="0" started-at="2018-10-20T21:03:07Z" finished-at="2018-10-20T21:03:07Z">
          <reporter-output>
          </reporter-output>
        </test-method> <!-- f -->
        <test-method status="PASS" signature="afterMethod()[pri:0, instance:org.tedu.MavenPro1.NewTestCase@54a097cc]" name="afterMethod" is-config="true" duration-ms="0" started-at="2018-10-20T21:03:07Z" finished-at="2018-10-20T21:03:07Z">
          <reporter-output>
          </reporter-output>
        </test-method> <!-- afterMethod -->
      </class> <!-- org.tedu.MavenPro1.NewTestCase -->
    </test> <!-- Command line test 373f38b9-bfb1-4d2c-a11b-92ac25dce7c5 -->
  </suite> <!-- org.tedu.MavenPro1.NewTestCase -->
  <suite name="org.tedu.MavenPro1.TestNG1" duration-ms="12298" started-at="2018-10-20T13:03:07Z" finished-at="2018-10-20T13:03:19Z">
    <groups>
    </groups>
    <test name="Command line test e05e1c2d-820e-4372-869b-ef6f4809e2a8" duration-ms="12298" started-at="2018-10-20T13:03:07Z" finished-at="2018-10-20T13:03:19Z">
      <class name="org.tedu.MavenPro1.TestNG1">
        <test-method status="PASS" signature="beforeMethod()[pri:0, instance:org.tedu.MavenPro1.TestNG1@2c9f9fb0]" name="beforeMethod" is-config="true" duration-ms="3074" started-at="2018-10-20T21:03:07Z" finished-at="2018-10-20T21:03:10Z">
          <reporter-output>
          </reporter-output>
        </test-method> <!-- beforeMethod -->
        <test-method status="PASS" signature="testa()[pri:0, instance:org.tedu.MavenPro1.TestNG1@2c9f9fb0]" name="testa" duration-ms="8631" started-at="2018-10-20T21:03:10Z" finished-at="2018-10-20T21:03:19Z">
          <reporter-output>
          </reporter-output>
        </test-method> <!-- testa -->
        <test-method status="PASS" signature="afterMethod()[pri:0, instance:org.tedu.MavenPro1.TestNG1@2c9f9fb0]" name="afterMethod" is-config="true" duration-ms="591" started-at="2018-10-20T21:03:19Z" finished-at="2018-10-20T21:03:19Z">
          <reporter-output>
          </reporter-output>
        </test-method> <!-- afterMethod -->
      </class> <!-- org.tedu.MavenPro1.TestNG1 -->
    </test> <!-- Command line test e05e1c2d-820e-4372-869b-ef6f4809e2a8 -->
  </suite> <!-- org.tedu.MavenPro1.TestNG1 -->
  <suite name="ecshop.tc.TestAdvancedSearch2" duration-ms="30750" started-at="2018-10-20T13:02:24Z" finished-at="2018-10-20T13:02:55Z">
    <groups>
    </groups>
    <test name="Command line test 46ed76a9-9478-4d87-a4f7-36a7622bf34e" duration-ms="30750" started-at="2018-10-20T13:02:24Z" finished-at="2018-10-20T13:02:55Z">
      <class name="ecshop.tc.TestAdvancedSearch2">
        <test-method status="PASS" signature="beforeMethod()[pri:0, instance:ecshop.tc.TestAdvancedSearch2@3567135c]" name="beforeMethod" is-config="true" duration-ms="4678" started-at="2018-10-20T21:02:24Z" finished-at="2018-10-20T21:02:29Z">
          <reporter-output>
          </reporter-output>
        </test-method> <!-- beforeMethod -->
        <test-method status="PASS" signature="f(java.lang.String, java.lang.String, java.lang.String, java.lang.String, java.lang.String, java.lang.String, java.lang.String, java.lang.String, java.lang.String)[pri:0, instance:ecshop.tc.TestAdvancedSearch2@3567135c]" name="f" duration-ms="5372" started-at="2018-10-20T21:02:29Z" data-provider="dp" finished-at="2018-10-20T21:02:34Z">
          <params>
            <param index="0">
              <value>
                <![CDATA[b]]>
              </value>
            </param>
            <param index="1">
              <value>
                <![CDATA[手机类型]]>
              </value>
            </param>
            <param index="2">
              <value>
                <![CDATA[三星]]>
              </value>
            </param>
            <param index="3">
              <value>
                <![CDATA[1]]>
              </value>
            </param>
            <param index="4">
              <value>
                <![CDATA[6000]]>
              </value>
            </param>
            <param index="5">
              <value>
                <![CDATA[请选择]]>
              </value>
            </param>
            <param index="6">
              <value>
                <![CDATA[]]>
              </value>
            </param>
            <param index="7">
              <value>
                <![CDATA[]]>
              </value>
            </param>
            <param index="8">
              <value>
                <![CDATA[1]]>
              </value>
            </param>
          </params>
          <reporter-output>
          </reporter-output>
        </test-method> <!-- f -->
        <test-method status="PASS" signature="afterMethod()[pri:0, instance:ecshop.tc.TestAdvancedSearch2@3567135c]" name="afterMethod" is-config="true" duration-ms="426" started-at="2018-10-20T21:02:34Z" finished-at="2018-10-20T21:02:35Z">
          <reporter-output>
          </reporter-output>
        </test-method> <!-- afterMethod -->
        <test-method status="PASS" signature="beforeMethod()[pri:0, instance:ecshop.tc.TestAdvancedSearch2@3567135c]" name="beforeMethod" is-config="true" duration-ms="2624" started-at="2018-10-20T21:02:35Z" finished-at="2018-10-20T21:02:37Z">
          <reporter-output>
          </reporter-output>
        </test-method> <!-- beforeMethod -->
        <test-method status="PASS" signature="f(java.lang.String, java.lang.String, java.lang.String, java.lang.String, java.lang.String, java.lang.String, java.lang.String, java.lang.String, java.lang.String)[pri:0, instance:ecshop.tc.TestAdvancedSearch2@3567135c]" name="f" duration-ms="8916" started-at="2018-10-20T21:02:37Z" data-provider="dp" finished-at="2018-10-20T21:02:46Z">
          <params>
            <param index="0">
              <value>
                <![CDATA[n]]>
              </value>
            </param>
            <param index="1">
              <value>
                <![CDATA[手机类型]]>
              </value>
            </param>
            <param index="2">
              <value>
                <![CDATA[联想]]>
              </value>
            </param>
            <param index="3">
              <value>
                <![CDATA[100]]>
              </value>
            </param>
            <param index="4">
              <value>
                <![CDATA[2000]]>
              </value>
            </param>
            <param index="5">
              <value>
                <![CDATA[精品手机]]>
              </value>
            </param>
            <param index="6">
              <value>
                <![CDATA[2008年06月]]>
              </value>
            </param>
            <param index="7">
              <value>
                <![CDATA[灰色]]>
              </value>
            </param>
            <param index="8">
              <value>
                <![CDATA[1]]>
              </value>
            </param>
          </params>
          <reporter-output>
          </reporter-output>
        </test-method> <!-- f -->
        <test-method status="PASS" signature="afterMethod()[pri:0, instance:ecshop.tc.TestAdvancedSearch2@3567135c]" name="afterMethod" is-config="true" duration-ms="410" started-at="2018-10-20T21:02:46Z" finished-at="2018-10-20T21:02:47Z">
          <reporter-output>
          </reporter-output>
        </test-method> <!-- afterMethod -->
        <test-method status="PASS" signature="beforeMethod()[pri:0, instance:ecshop.tc.TestAdvancedSearch2@3567135c]" name="beforeMethod" is-config="true" duration-ms="2585" started-at="2018-10-20T21:02:47Z" finished-at="2018-10-20T21:02:49Z">
          <reporter-output>
          </reporter-output>
        </test-method> <!-- beforeMethod -->
        <test-method status="PASS" signature="f(java.lang.String, java.lang.String, java.lang.String, java.lang.String, java.lang.String, java.lang.String, java.lang.String, java.lang.String, java.lang.String)[pri:0, instance:ecshop.tc.TestAdvancedSearch2@3567135c]" name="f" duration-ms="5305" started-at="2018-10-20T21:02:49Z" data-provider="dp" finished-at="2018-10-20T21:02:55Z">
          <params>
            <param index="0">
              <value>
                <![CDATA[t]]>
              </value>
            </param>
            <param index="1">
              <value>
                <![CDATA[充值卡]]>
              </value>
            </param>
            <param index="2">
              <value>
                <![CDATA[LG]]>
              </value>
            </param>
            <param index="3">
              <value>
                <![CDATA[50]]>
              </value>
            </param>
            <param index="4">
              <value>
                <![CDATA[500]]>
              </value>
            </param>
            <param index="5">
              <value>
                <![CDATA[请选择]]>
              </value>
            </param>
            <param index="6">
              <value>
                <![CDATA[]]>
              </value>
            </param>
            <param index="7">
              <value>
                <![CDATA[]]>
              </value>
            </param>
            <param index="8">
              <value>
                <![CDATA[0]]>
              </value>
            </param>
          </params>
          <reporter-output>
          </reporter-output>
        </test-method> <!-- f -->
        <test-method status="PASS" signature="afterMethod()[pri:0, instance:ecshop.tc.TestAdvancedSearch2@3567135c]" name="afterMethod" is-config="true" duration-ms="432" started-at="2018-10-20T21:02:55Z" finished-at="2018-10-20T21:02:55Z">
          <reporter-output>
          </reporter-output>
        </test-method> <!-- afterMethod -->
      </class> <!-- ecshop.tc.TestAdvancedSearch2 -->
    </test> <!-- Command line test 46ed76a9-9478-4d87-a4f7-36a7622bf34e -->
  </suite> <!-- ecshop.tc.TestAdvancedSearch2 -->
  <suite name="org.tedu.MavenPro1.TestNG2" duration-ms="12580" started-at="2018-10-20T13:03:19Z" finished-at="2018-10-20T13:03:32Z">
    <groups>
    </groups>
    <test name="Command line test 06fc2d02-402a-456b-9e95-31ab7f0040ea" duration-ms="12580" started-at="2018-10-20T13:03:19Z" finished-at="2018-10-20T13:03:32Z">
      <class name="org.tedu.MavenPro1.TestNG2">
        <test-method status="PASS" signature="beforeMethod()[pri:0, instance:org.tedu.MavenPro1.TestNG2@2cb4c3ab]" name="beforeMethod" is-config="true" duration-ms="4148" started-at="2018-10-20T21:03:19Z" finished-at="2018-10-20T21:03:23Z">
          <reporter-output>
          </reporter-output>
        </test-method> <!-- beforeMethod -->
        <test-method status="PASS" signature="testa()[pri:0, instance:org.tedu.MavenPro1.TestNG2@2cb4c3ab]" name="testa" duration-ms="8007" started-at="2018-10-20T21:03:23Z" finished-at="2018-10-20T21:03:31Z">
          <reporter-output>
          </reporter-output>
        </test-method> <!-- testa -->
        <test-method status="PASS" signature="afterMethod()[pri:0, instance:org.tedu.MavenPro1.TestNG2@2cb4c3ab]" name="afterMethod" is-config="true" duration-ms="413" started-at="2018-10-20T21:03:31Z" finished-at="2018-10-20T21:03:32Z">
          <reporter-output>
          </reporter-output>
        </test-method> <!-- afterMethod -->
      </class> <!-- org.tedu.MavenPro1.TestNG2 -->
    </test> <!-- Command line test 06fc2d02-402a-456b-9e95-31ab7f0040ea -->
  </suite> <!-- org.tedu.MavenPro1.TestNG2 -->
  <suite name="ecshop.tc.TestAdvancedSearch" duration-ms="93" started-at="2018-10-20T13:02:24Z" finished-at="2018-10-20T13:02:24Z">
    <groups>
    </groups>
    <test name="Command line test 5057cd01-2454-440f-9c59-0394f0eb8315" duration-ms="93" started-at="2018-10-20T13:02:24Z" finished-at="2018-10-20T13:02:24Z">
      <class name="ecshop.tc.TestAdvancedSearch">
        <test-method status="FAIL" signature="beforeMethod(java.lang.String)[pri:0, instance:ecshop.tc.TestAdvancedSearch@668bc3d5]" name="beforeMethod" is-config="true" duration-ms="0" started-at="2018-10-20T21:02:24Z" finished-at="2018-10-20T21:02:24Z">
          <exception class="org.testng.TestNGException">
            <message>
              <![CDATA[
Parameter 'browser' is required by @Configuration on method beforeMethod but has not been marked @Optional or defined
]]>
            </message>
            <full-stacktrace>
              <![CDATA[org.testng.TestNGException: 
Parameter 'browser' is required by @Configuration on method beforeMethod but has not been marked @Optional or defined

	at org.testng.internal.Parameters.createParameters(Parameters.java:155)
	at org.testng.internal.Parameters.createParameters(Parameters.java:358)
	at org.testng.internal.Parameters.createConfigurationParameters(Parameters.java:86)
	at org.testng.internal.Invoker.invokeConfigurations(Invoker.java:199)
	at org.testng.internal.Invoker.invokeMethod(Invoker.java:653)
	at org.testng.internal.Invoker.invokeTestMethod(Invoker.java:901)
	at org.testng.internal.Invoker.invokeTestMethods(Invoker.java:1231)
	at org.testng.internal.TestMethodWorker.invokeTestMethods(TestMethodWorker.java:127)
	at org.testng.internal.TestMethodWorker.run(TestMethodWorker.java:111)
	at org.testng.TestRunner.privateRun(TestRunner.java:767)
	at org.testng.TestRunner.run(TestRunner.java:617)
	at org.testng.SuiteRunner.runTest(SuiteRunner.java:334)
	at org.testng.SuiteRunner.runSequentially(SuiteRunner.java:329)
	at org.testng.SuiteRunner.privateRun(SuiteRunner.java:291)
	at org.testng.SuiteRunner.run(SuiteRunner.java:240)
	at org.testng.SuiteRunnerWorker.runSuite(SuiteRunnerWorker.java:52)
	at org.testng.SuiteRunnerWorker.run(SuiteRunnerWorker.java:86)
	at org.testng.TestNG.runSuitesSequentially(TestNG.java:1224)
	at org.testng.TestNG.runSuitesLocally(TestNG.java:1149)
	at org.testng.TestNG.run(TestNG.java:1057)
	at org.apache.maven.surefire.testng.TestNGExecutor.run(TestNGExecutor.java:91)
	at org.apache.maven.surefire.testng.TestNGDirectoryTestSuite.executeMulti(TestNGDirectoryTestSuite.java:204)
	at org.apache.maven.surefire.testng.TestNGDirectoryTestSuite.execute(TestNGDirectoryTestSuite.java:107)
	at org.apache.maven.surefire.testng.TestNGProvider.invoke(TestNGProvider.java:113)
	at org.apache.maven.surefire.booter.ForkedBooter.invokeProviderInSameClassLoader(ForkedBooter.java:200)
	at org.apache.maven.surefire.booter.ForkedBooter.runSuitesInProcess(ForkedBooter.java:153)
	at org.apache.maven.surefire.booter.ForkedBooter.main(ForkedBooter.java:103)
]]>
            </full-stacktrace>
          </exception> <!-- org.testng.TestNGException -->
          <reporter-output>
          </reporter-output>
        </test-method> <!-- beforeMethod -->
        <test-method status="SKIP" signature="f(java.lang.String, java.lang.String, java.lang.String, java.lang.String, java.lang.String, java.lang.String, java.lang.String, java.lang.String, java.lang.String)[pri:0, instance:ecshop.tc.TestAdvancedSearch@668bc3d5]" name="f" duration-ms="42" started-at="2018-10-20T21:02:24Z" data-provider="dp" finished-at="2018-10-20T21:02:24Z">
          <params>
            <param index="0">
              <value>
                <![CDATA[b]]>
              </value>
            </param>
            <param index="1">
              <value>
                <![CDATA[手机类型]]>
              </value>
            </param>
            <param index="2">
              <value>
                <![CDATA[三星]]>
              </value>
            </param>
            <param index="3">
              <value>
                <![CDATA[1]]>
              </value>
            </param>
            <param index="4">
              <value>
                <![CDATA[6000]]>
              </value>
            </param>
            <param index="5">
              <value>
                <![CDATA[请选择]]>
              </value>
            </param>
            <param index="6">
              <value>
                <![CDATA[]]>
              </value>
            </param>
            <param index="7">
              <value>
                <![CDATA[]]>
              </value>
            </param>
            <param index="8">
              <value>
                <![CDATA[1]]>
              </value>
            </param>
          </params>
          <reporter-output>
          </reporter-output>
        </test-method> <!-- f -->
        <test-method status="SKIP" signature="afterMethod()[pri:0, instance:ecshop.tc.TestAdvancedSearch@668bc3d5]" name="afterMethod" is-config="true" duration-ms="0" started-at="2018-10-20T21:02:24Z" finished-at="2018-10-20T21:02:24Z">
          <reporter-output>
          </reporter-output>
        </test-method> <!-- afterMethod -->
        <test-method status="SKIP" signature="afterMethod()[pri:0, instance:ecshop.tc.TestAdvancedSearch@668bc3d5]" name="afterMethod" is-config="true" duration-ms="0" started-at="2018-10-20T21:02:24Z" finished-at="2018-10-20T21:02:24Z">
          <reporter-output>
          </reporter-output>
        </test-method> <!-- afterMethod -->
        <test-method status="SKIP" signature="beforeMethod(java.lang.String)[pri:0, instance:ecshop.tc.TestAdvancedSearch@668bc3d5]" name="beforeMethod" is-config="true" duration-ms="0" started-at="2018-10-20T21:02:24Z" finished-at="2018-10-20T21:02:24Z">
          <reporter-output>
          </reporter-output>
        </test-method> <!-- beforeMethod -->
        <test-method status="SKIP" signature="beforeMethod(java.lang.String)[pri:0, instance:ecshop.tc.TestAdvancedSearch@668bc3d5]" name="beforeMethod" is-config="true" duration-ms="0" started-at="2018-10-20T21:02:24Z" finished-at="2018-10-20T21:02:24Z">
          <reporter-output>
          </reporter-output>
        </test-method> <!-- beforeMethod -->
        <test-method status="SKIP" signature="f(java.lang.String, java.lang.String, java.lang.String, java.lang.String, java.lang.String, java.lang.String, java.lang.String, java.lang.String, java.lang.String)[pri:0, instance:ecshop.tc.TestAdvancedSearch@668bc3d5]" name="f" duration-ms="0" started-at="2018-10-20T21:02:24Z" data-provider="dp" finished-at="2018-10-20T21:02:24Z">
          <params>
            <param index="0">
              <value>
                <![CDATA[n]]>
              </value>
            </param>
            <param index="1">
              <value>
                <![CDATA[手机类型]]>
              </value>
            </param>
            <param index="2">
              <value>
                <![CDATA[联想]]>
              </value>
            </param>
            <param index="3">
              <value>
                <![CDATA[100]]>
              </value>
            </param>
            <param index="4">
              <value>
                <![CDATA[2000]]>
              </value>
            </param>
            <param index="5">
              <value>
                <![CDATA[精品手机]]>
              </value>
            </param>
            <param index="6">
              <value>
                <![CDATA[2008年06月]]>
              </value>
            </param>
            <param index="7">
              <value>
                <![CDATA[灰色]]>
              </value>
            </param>
            <param index="8">
              <value>
                <![CDATA[1]]>
              </value>
            </param>
          </params>
          <reporter-output>
          </reporter-output>
        </test-method> <!-- f -->
        <test-method status="SKIP" signature="f(java.lang.String, java.lang.String, java.lang.String, java.lang.String, java.lang.String, java.lang.String, java.lang.String, java.lang.String, java.lang.String)[pri:0, instance:ecshop.tc.TestAdvancedSearch@668bc3d5]" name="f" duration-ms="0" started-at="2018-10-20T21:02:24Z" data-provider="dp" finished-at="2018-10-20T21:02:24Z">
          <params>
            <param index="0">
              <value>
                <![CDATA[t]]>
              </value>
            </param>
            <param index="1">
              <value>
                <![CDATA[充值卡]]>
              </value>
            </param>
            <param index="2">
              <value>
                <![CDATA[LG]]>
              </value>
            </param>
            <param index="3">
              <value>
                <![CDATA[50]]>
              </value>
            </param>
            <param index="4">
              <value>
                <![CDATA[500]]>
              </value>
            </param>
            <param index="5">
              <value>
                <![CDATA[请选择]]>
              </value>
            </param>
            <param index="6">
              <value>
                <![CDATA[]]>
              </value>
            </param>
            <param index="7">
              <value>
                <![CDATA[]]>
              </value>
            </param>
            <param index="8">
              <value>
                <![CDATA[0]]>
              </value>
            </param>
          </params>
          <reporter-output>
          </reporter-output>
        </test-method> <!-- f -->
        <test-method status="SKIP" signature="afterMethod()[pri:0, instance:ecshop.tc.TestAdvancedSearch@668bc3d5]" name="afterMethod" is-config="true" duration-ms="0" started-at="2018-10-20T21:02:24Z" finished-at="2018-10-20T21:02:24Z">
          <reporter-output>
          </reporter-output>
        </test-method> <!-- afterMethod -->
      </class> <!-- ecshop.tc.TestAdvancedSearch -->
    </test> <!-- Command line test 5057cd01-2454-440f-9c59-0394f0eb8315 -->
  </suite> <!-- ecshop.tc.TestAdvancedSearch -->
  <suite name="ecshop.TestEcshopSearch" duration-ms="11897" started-at="2018-10-20T13:02:55Z" finished-at="2018-10-20T13:03:07Z">
    <groups>
    </groups>
    <test name="Command line test 748792d7-31a2-4323-94d7-26f13a737454" duration-ms="11897" started-at="2018-10-20T13:02:55Z" finished-at="2018-10-20T13:03:07Z">
      <class name="ecshop.TestEcshopSearch">
        <test-method status="PASS" signature="beforeMethod()[pri:0, instance:ecshop.TestEcshopSearch@1936f0f5]" name="beforeMethod" is-config="true" duration-ms="2654" started-at="2018-10-20T21:02:55Z" finished-at="2018-10-20T21:02:58Z">
          <reporter-output>
          </reporter-output>
        </test-method> <!-- beforeMethod -->
        <test-method status="PASS" signature="f()[pri:0, instance:ecshop.TestEcshopSearch@1936f0f5]" name="f" duration-ms="8710" started-at="2018-10-20T21:02:58Z" finished-at="2018-10-20T21:03:06Z">
          <reporter-output>
          </reporter-output>
        </test-method> <!-- f -->
        <test-method status="PASS" signature="afterMethod()[pri:0, instance:ecshop.TestEcshopSearch@1936f0f5]" name="afterMethod" is-config="true" duration-ms="533" started-at="2018-10-20T21:03:06Z" finished-at="2018-10-20T21:03:07Z">
          <reporter-output>
          </reporter-output>
        </test-method> <!-- afterMethod -->
      </class> <!-- ecshop.TestEcshopSearch -->
    </test> <!-- Command line test 748792d7-31a2-4323-94d7-26f13a737454 -->
  </suite> <!-- ecshop.TestEcshopSearch -->
  <suite name="tedu.TestLog4j" duration-ms="6538" started-at="2018-10-20T13:03:32Z" finished-at="2018-10-20T13:03:38Z">
    <groups>
    </groups>
    <test name="Command line test 5b256604-d2a7-4147-ab05-7526d5b1267a" duration-ms="6538" started-at="2018-10-20T13:03:32Z" finished-at="2018-10-20T13:03:38Z">
      <class name="tedu.TestLog4j">
        <test-method status="PASS" signature="beforeMethod()[pri:0, instance:tedu.TestLog4j@337d0578]" name="beforeMethod" is-config="true" duration-ms="2693" started-at="2018-10-20T21:03:32Z" finished-at="2018-10-20T21:03:35Z">
          <reporter-output>
          </reporter-output>
        </test-method> <!-- beforeMethod -->
        <test-method status="PASS" signature="f()[pri:0, instance:tedu.TestLog4j@337d0578]" name="f" duration-ms="3469" started-at="2018-10-20T21:03:35Z" finished-at="2018-10-20T21:03:38Z">
          <reporter-output>
          </reporter-output>
        </test-method> <!-- f -->
        <test-method status="PASS" signature="afterMethod()[pri:0, instance:tedu.TestLog4j@337d0578]" name="afterMethod" is-config="true" duration-ms="375" started-at="2018-10-20T21:03:38Z" finished-at="2018-10-20T21:03:38Z">
          <reporter-output>
          </reporter-output>
        </test-method> <!-- afterMethod -->
      </class> <!-- tedu.TestLog4j -->
    </test> <!-- Command line test 5b256604-d2a7-4147-ab05-7526d5b1267a -->
  </suite> <!-- tedu.TestLog4j -->
  <suite name="org.tedu.MavenPro1.NewTest" duration-ms="10" started-at="2018-10-20T13:03:07Z" finished-at="2018-10-20T13:03:07Z">
    <groups>
    </groups>
    <test name="Command line test ae26603e-17f5-40fa-b259-fcbc4cc00f6b" duration-ms="10" started-at="2018-10-20T13:03:07Z" finished-at="2018-10-20T13:03:07Z">
      <class name="org.tedu.MavenPro1.NewTest">
        <test-method status="PASS" signature="beforeMethod()[pri:0, instance:org.tedu.MavenPro1.NewTest@67b6d4ae]" name="beforeMethod" is-config="true" duration-ms="1" started-at="2018-10-20T21:03:07Z" finished-at="2018-10-20T21:03:07Z">
          <reporter-output>
          </reporter-output>
        </test-method> <!-- beforeMethod -->
        <test-method status="PASS" signature="f()[pri:0, instance:org.tedu.MavenPro1.NewTest@67b6d4ae]" name="f" duration-ms="9" started-at="2018-10-20T21:03:07Z" finished-at="2018-10-20T21:03:07Z">
          <reporter-output>
          </reporter-output>
        </test-method> <!-- f -->
        <test-method status="PASS" signature="afterMethod()[pri:0, instance:org.tedu.MavenPro1.NewTest@67b6d4ae]" name="afterMethod" is-config="true" duration-ms="0" started-at="2018-10-20T21:03:07Z" finished-at="2018-10-20T21:03:07Z">
          <reporter-output>
          </reporter-output>
        </test-method> <!-- afterMethod -->
      </class> <!-- org.tedu.MavenPro1.NewTest -->
    </test> <!-- Command line test ae26603e-17f5-40fa-b259-fcbc4cc00f6b -->
  </suite> <!-- org.tedu.MavenPro1.NewTest -->
</testng-results>
