<?xml version="1.0" encoding="UTF-8"?>
<!-- Generated by org.testng.reporters.JUnitXMLReporter -->
<testsuite hostname="WIN-486QJSS660G" name="TestFirefox" tests="3" failures="0" timestamp="20 Oct 2018 13:37:47 GMT" time="31.845" errors="0">
  <testcase name="f" time="5.407" classname="ecshop.tc.TestAdvancedSearch"/>
  <testcase name="f" time="8.922" classname="ecshop.tc.TestAdvancedSearch"/>
  <testcase name="f" time="5.382" classname="ecshop.tc.TestAdvancedSearch"/>
</testsuite> <!-- TestFirefox -->
