<?xml version="1.0" encoding="UTF-8"?>
<testng-results skipped="0" failed="0" total="6" passed="6">
  <reporter-output>
  </reporter-output>
  <suite name="Suite" duration-ms="70026" started-at="2018-10-20T13:37:15Z" finished-at="2018-10-20T13:38:26Z">
    <groups>
    </groups>
    <test name="TestFirefox" duration-ms="31845" started-at="2018-10-20T13:37:15Z" finished-at="2018-10-20T13:37:47Z">
      <class name="ecshop.tc.TestAdvancedSearch">
        <test-method status="PASS" signature="beforeMethod(java.lang.String)[pri:0, instance:ecshop.tc.TestAdvancedSearch@1d057a39]" name="beforeMethod" is-config="true" duration-ms="4913" started-at="2018-10-20T21:37:16Z" finished-at="2018-10-20T21:37:20Z">
          <params>
            <param index="0">
              <value>
                <![CDATA[firefox]]>
              </value>
            </param>
          </params>
          <reporter-output>
          </reporter-output>
        </test-method> <!-- beforeMethod -->
        <test-method status="PASS" signature="f(java.lang.String, java.lang.String, java.lang.String, java.lang.String, java.lang.String, java.lang.String, java.lang.String, java.lang.String, java.lang.String)[pri:0, instance:ecshop.tc.TestAdvancedSearch@1d057a39]" name="f" duration-ms="5407" started-at="2018-10-20T21:37:20Z" data-provider="dp" finished-at="2018-10-20T21:37:26Z">
          <params>
            <param index="0">
              <value>
                <![CDATA[b]]>
              </value>
            </param>
            <param index="1">
              <value>
                <![CDATA[手机类型]]>
              </value>
            </param>
            <param index="2">
              <value>
                <![CDATA[三星]]>
              </value>
            </param>
            <param index="3">
              <value>
                <![CDATA[1]]>
              </value>
            </param>
            <param index="4">
              <value>
                <![CDATA[6000]]>
              </value>
            </param>
            <param index="5">
              <value>
                <![CDATA[请选择]]>
              </value>
            </param>
            <param index="6">
              <value>
                <![CDATA[]]>
              </value>
            </param>
            <param index="7">
              <value>
                <![CDATA[]]>
              </value>
            </param>
            <param index="8">
              <value>
                <![CDATA[1]]>
              </value>
            </param>
          </params>
          <reporter-output>
          </reporter-output>
        </test-method> <!-- f -->
        <test-method status="PASS" signature="afterMethod()[pri:0, instance:ecshop.tc.TestAdvancedSearch@1d057a39]" name="afterMethod" is-config="true" duration-ms="443" started-at="2018-10-20T21:37:26Z" finished-at="2018-10-20T21:37:26Z">
          <reporter-output>
          </reporter-output>
        </test-method> <!-- afterMethod -->
        <test-method status="PASS" signature="beforeMethod(java.lang.String)[pri:0, instance:ecshop.tc.TestAdvancedSearch@1d057a39]" name="beforeMethod" is-config="true" duration-ms="2975" started-at="2018-10-20T21:37:26Z" finished-at="2018-10-20T21:37:29Z">
          <params>
            <param index="0">
              <value>
                <![CDATA[firefox]]>
              </value>
            </param>
          </params>
          <reporter-output>
          </reporter-output>
        </test-method> <!-- beforeMethod -->
        <test-method status="PASS" signature="f(java.lang.String, java.lang.String, java.lang.String, java.lang.String, java.lang.String, java.lang.String, java.lang.String, java.lang.String, java.lang.String)[pri:0, instance:ecshop.tc.TestAdvancedSearch@1d057a39]" name="f" duration-ms="8922" started-at="2018-10-20T21:37:29Z" data-provider="dp" finished-at="2018-10-20T21:37:38Z">
          <params>
            <param index="0">
              <value>
                <![CDATA[n]]>
              </value>
            </param>
            <param index="1">
              <value>
                <![CDATA[手机类型]]>
              </value>
            </param>
            <param index="2">
              <value>
                <![CDATA[联想]]>
              </value>
            </param>
            <param index="3">
              <value>
                <![CDATA[100]]>
              </value>
            </param>
            <param index="4">
              <value>
                <![CDATA[2000]]>
              </value>
            </param>
            <param index="5">
              <value>
                <![CDATA[精品手机]]>
              </value>
            </param>
            <param index="6">
              <value>
                <![CDATA[2008年06月]]>
              </value>
            </param>
            <param index="7">
              <value>
                <![CDATA[灰色]]>
              </value>
            </param>
            <param index="8">
              <value>
                <![CDATA[1]]>
              </value>
            </param>
          </params>
          <reporter-output>
          </reporter-output>
        </test-method> <!-- f -->
        <test-method status="PASS" signature="afterMethod()[pri:0, instance:ecshop.tc.TestAdvancedSearch@1d057a39]" name="afterMethod" is-config="true" duration-ms="424" started-at="2018-10-20T21:37:38Z" finished-at="2018-10-20T21:37:39Z">
          <reporter-output>
          </reporter-output>
        </test-method> <!-- afterMethod -->
        <test-method status="PASS" signature="beforeMethod(java.lang.String)[pri:0, instance:ecshop.tc.TestAdvancedSearch@1d057a39]" name="beforeMethod" is-config="true" duration-ms="2938" started-at="2018-10-20T21:37:39Z" finished-at="2018-10-20T21:37:42Z">
          <params>
            <param index="0">
              <value>
                <![CDATA[firefox]]>
              </value>
            </param>
          </params>
          <reporter-output>
          </reporter-output>
        </test-method> <!-- beforeMethod -->
        <test-method status="PASS" signature="f(java.lang.String, java.lang.String, java.lang.String, java.lang.String, java.lang.String, java.lang.String, java.lang.String, java.lang.String, java.lang.String)[pri:0, instance:ecshop.tc.TestAdvancedSearch@1d057a39]" name="f" duration-ms="5382" started-at="2018-10-20T21:37:42Z" data-provider="dp" finished-at="2018-10-20T21:37:47Z">
          <params>
            <param index="0">
              <value>
                <![CDATA[t]]>
              </value>
            </param>
            <param index="1">
              <value>
                <![CDATA[充值卡]]>
              </value>
            </param>
            <param index="2">
              <value>
                <![CDATA[LG]]>
              </value>
            </param>
            <param index="3">
              <value>
                <![CDATA[50]]>
              </value>
            </param>
            <param index="4">
              <value>
                <![CDATA[500]]>
              </value>
            </param>
            <param index="5">
              <value>
                <![CDATA[请选择]]>
              </value>
            </param>
            <param index="6">
              <value>
                <![CDATA[]]>
              </value>
            </param>
            <param index="7">
              <value>
                <![CDATA[]]>
              </value>
            </param>
            <param index="8">
              <value>
                <![CDATA[0]]>
              </value>
            </param>
          </params>
          <reporter-output>
          </reporter-output>
        </test-method> <!-- f -->
        <test-method status="PASS" signature="afterMethod()[pri:0, instance:ecshop.tc.TestAdvancedSearch@1d057a39]" name="afterMethod" is-config="true" duration-ms="414" started-at="2018-10-20T21:37:47Z" finished-at="2018-10-20T21:37:47Z">
          <reporter-output>
          </reporter-output>
        </test-method> <!-- afterMethod -->
      </class> <!-- ecshop.tc.TestAdvancedSearch -->
    </test> <!-- TestFirefox -->
    <test name="TestIE" duration-ms="38163" started-at="2018-10-20T13:37:47Z" finished-at="2018-10-20T13:38:26Z">
      <class name="ecshop.tc.TestAdvancedSearch">
        <test-method status="PASS" signature="beforeMethod(java.lang.String)[pri:0, instance:ecshop.tc.TestAdvancedSearch@6d4b1c02]" name="beforeMethod" is-config="true" duration-ms="3226" started-at="2018-10-20T21:37:47Z" finished-at="2018-10-20T21:37:51Z">
          <params>
            <param index="0">
              <value>
                <![CDATA[ie]]>
              </value>
            </param>
          </params>
          <reporter-output>
          </reporter-output>
        </test-method> <!-- beforeMethod -->
        <test-method status="PASS" signature="f(java.lang.String, java.lang.String, java.lang.String, java.lang.String, java.lang.String, java.lang.String, java.lang.String, java.lang.String, java.lang.String)[pri:0, instance:ecshop.tc.TestAdvancedSearch@6d4b1c02]" name="f" duration-ms="6660" started-at="2018-10-20T21:37:51Z" data-provider="dp" finished-at="2018-10-20T21:37:57Z">
          <params>
            <param index="0">
              <value>
                <![CDATA[b]]>
              </value>
            </param>
            <param index="1">
              <value>
                <![CDATA[手机类型]]>
              </value>
            </param>
            <param index="2">
              <value>
                <![CDATA[三星]]>
              </value>
            </param>
            <param index="3">
              <value>
                <![CDATA[1]]>
              </value>
            </param>
            <param index="4">
              <value>
                <![CDATA[6000]]>
              </value>
            </param>
            <param index="5">
              <value>
                <![CDATA[请选择]]>
              </value>
            </param>
            <param index="6">
              <value>
                <![CDATA[]]>
              </value>
            </param>
            <param index="7">
              <value>
                <![CDATA[]]>
              </value>
            </param>
            <param index="8">
              <value>
                <![CDATA[1]]>
              </value>
            </param>
          </params>
          <reporter-output>
          </reporter-output>
        </test-method> <!-- f -->
        <test-method status="PASS" signature="afterMethod()[pri:0, instance:ecshop.tc.TestAdvancedSearch@6d4b1c02]" name="afterMethod" is-config="true" duration-ms="1069" started-at="2018-10-20T21:37:57Z" finished-at="2018-10-20T21:37:58Z">
          <reporter-output>
          </reporter-output>
        </test-method> <!-- afterMethod -->
        <test-method status="PASS" signature="beforeMethod(java.lang.String)[pri:0, instance:ecshop.tc.TestAdvancedSearch@6d4b1c02]" name="beforeMethod" is-config="true" duration-ms="3017" started-at="2018-10-20T21:37:58Z" finished-at="2018-10-20T21:38:01Z">
          <params>
            <param index="0">
              <value>
                <![CDATA[ie]]>
              </value>
            </param>
          </params>
          <reporter-output>
          </reporter-output>
        </test-method> <!-- beforeMethod -->
        <test-method status="PASS" signature="f(java.lang.String, java.lang.String, java.lang.String, java.lang.String, java.lang.String, java.lang.String, java.lang.String, java.lang.String, java.lang.String)[pri:0, instance:ecshop.tc.TestAdvancedSearch@6d4b1c02]" name="f" duration-ms="12295" started-at="2018-10-20T21:38:01Z" data-provider="dp" finished-at="2018-10-20T21:38:14Z">
          <params>
            <param index="0">
              <value>
                <![CDATA[n]]>
              </value>
            </param>
            <param index="1">
              <value>
                <![CDATA[手机类型]]>
              </value>
            </param>
            <param index="2">
              <value>
                <![CDATA[联想]]>
              </value>
            </param>
            <param index="3">
              <value>
                <![CDATA[100]]>
              </value>
            </param>
            <param index="4">
              <value>
                <![CDATA[2000]]>
              </value>
            </param>
            <param index="5">
              <value>
                <![CDATA[精品手机]]>
              </value>
            </param>
            <param index="6">
              <value>
                <![CDATA[2008年06月]]>
              </value>
            </param>
            <param index="7">
              <value>
                <![CDATA[灰色]]>
              </value>
            </param>
            <param index="8">
              <value>
                <![CDATA[1]]>
              </value>
            </param>
          </params>
          <reporter-output>
          </reporter-output>
        </test-method> <!-- f -->
        <test-method status="PASS" signature="afterMethod()[pri:0, instance:ecshop.tc.TestAdvancedSearch@6d4b1c02]" name="afterMethod" is-config="true" duration-ms="1092" started-at="2018-10-20T21:38:14Z" finished-at="2018-10-20T21:38:15Z">
          <reporter-output>
          </reporter-output>
        </test-method> <!-- afterMethod -->
        <test-method status="PASS" signature="beforeMethod(java.lang.String)[pri:0, instance:ecshop.tc.TestAdvancedSearch@6d4b1c02]" name="beforeMethod" is-config="true" duration-ms="3176" started-at="2018-10-20T21:38:15Z" finished-at="2018-10-20T21:38:18Z">
          <params>
            <param index="0">
              <value>
                <![CDATA[ie]]>
              </value>
            </param>
          </params>
          <reporter-output>
          </reporter-output>
        </test-method> <!-- beforeMethod -->
        <test-method status="PASS" signature="f(java.lang.String, java.lang.String, java.lang.String, java.lang.String, java.lang.String, java.lang.String, java.lang.String, java.lang.String, java.lang.String)[pri:0, instance:ecshop.tc.TestAdvancedSearch@6d4b1c02]" name="f" duration-ms="6575" started-at="2018-10-20T21:38:18Z" data-provider="dp" finished-at="2018-10-20T21:38:24Z">
          <params>
            <param index="0">
              <value>
                <![CDATA[t]]>
              </value>
            </param>
            <param index="1">
              <value>
                <![CDATA[充值卡]]>
              </value>
            </param>
            <param index="2">
              <value>
                <![CDATA[LG]]>
              </value>
            </param>
            <param index="3">
              <value>
                <![CDATA[50]]>
              </value>
            </param>
            <param index="4">
              <value>
                <![CDATA[500]]>
              </value>
            </param>
            <param index="5">
              <value>
                <![CDATA[请选择]]>
              </value>
            </param>
            <param index="6">
              <value>
                <![CDATA[]]>
              </value>
            </param>
            <param index="7">
              <value>
                <![CDATA[]]>
              </value>
            </param>
            <param index="8">
              <value>
                <![CDATA[0]]>
              </value>
            </param>
          </params>
          <reporter-output>
          </reporter-output>
        </test-method> <!-- f -->
        <test-method status="PASS" signature="afterMethod()[pri:0, instance:ecshop.tc.TestAdvancedSearch@6d4b1c02]" name="afterMethod" is-config="true" duration-ms="1051" started-at="2018-10-20T21:38:24Z" finished-at="2018-10-20T21:38:26Z">
          <reporter-output>
          </reporter-output>
        </test-method> <!-- afterMethod -->
      </class> <!-- ecshop.tc.TestAdvancedSearch -->
    </test> <!-- TestIE -->
  </suite> <!-- Suite -->
</testng-results>
